build/app/outputs/mapping/release/seeds.txt
com.google.firestore.v1.Cursor: int VALUES_FIELD_NUMBER
com.google.android.gms.internal.measurement.zzfe: com.google.android.gms.internal.measurement.zzkj zzk
androidx.window.embedding.ExtensionEmbeddingBackend$Companion: boolean isExtensionVersionSupported(java.lang.Integer)
com.google.android.gms.dynamite.descriptors.com.google.android.gms.measurement.dynamite.ModuleDescriptor: int MODULE_VERSION
io.flutter.view.AccessibilityBridge$Flag: io.flutter.view.AccessibilityBridge$Flag valueOf(java.lang.String)
kotlinx.coroutines.channels.AbstractChannel$ReceiveHasNext
io.grpc.okhttp.OkHttpFrameLogger$SettingParams: io.grpc.okhttp.OkHttpFrameLogger$SettingParams valueOf(java.lang.String)
com.google.android.gms.internal.firebase-auth-api.zzoc: android.os.Parcelable$Creator CREATOR
com.google.android.gms.internal.firebase-auth-api.zzjt: com.google.android.gms.internal.firebase-auth-api.zzjt zzb
com.google.firestore.v1.WriteResponse: int WRITE_RESULTS_FIELD_NUMBER
com.google.firestore.v1.Target$QueryTarget: int queryTypeCase_
io.flutter.embedding.engine.FlutterJNI: void nativeNotifyLowMemoryWarning(long)
androidx.activity.ComponentActivity$2
io.grpc.okhttp.internal.TlsVersion: io.grpc.okhttp.internal.TlsVersion valueOf(java.lang.String)
com.google.android.gms.internal.measurement.zzgc: java.lang.String zzw
androidx.window.layout.SidecarWindowBackend: androidx.window.layout.ExtensionInterfaceCompat windowExtension
com.google.firestore.v1.Write: com.google.protobuf.Internal$ProtobufList updateTransforms_
com.google.android.gms.internal.firebase-auth-api.zzhs
com.google.android.gms.internal.firebase-auth-api.zzpm: android.os.Parcelable$Creator CREATOR
android.support.v4.app.RemoteActionCompatParcelizer
com.google.firestore.v1.StructuredQuery$Projection: com.google.protobuf.Internal$ProtobufList fields_
com.google.firestore.v1.TransactionOptions$ReadOnly: com.google.protobuf.Parser PARSER
kotlin.jvm.internal.CallableReference: boolean isOpen()
io.flutter.embedding.engine.FlutterJNI: void prefetchDefaultFontManager()
androidx.window.embedding.ExtensionEmbeddingBackend: ExtensionEmbeddingBackend(androidx.window.embedding.EmbeddingInterfaceCompat)
androidx.window.embedding.EmbeddingBackend: void registerRule(androidx.window.embedding.EmbeddingRule)
androidx.window.embedding.EmbeddingCompat$Companion: androidx.window.extensions.embedding.ActivityEmbeddingComponent embeddingComponent()
androidx.window.core.Version: java.math.BigInteger getBigInteger()
androidx.window.embedding.SplitController: void access$setGlobalInstance$cp(androidx.window.embedding.SplitController)
kotlinx.coroutines.CancellableContinuationImpl: int _decision
androidx.window.embedding.ActivityStack: ActivityStack(java.util.List,boolean)
com.google.android.gms.internal.measurement.zzgc: int zzR
io.flutter.embedding.engine.FlutterJNI: boolean isAttached()
androidx.core.graphics.drawable.IconCompatParcelizer: IconCompatParcelizer()
com.google.android.gms.internal.measurement.zzfs: long zzh
io.flutter.embedding.engine.FlutterJNI: void onVsync(long,long,long)
com.google.android.gms.safetynet.zzd: android.os.Parcelable$Creator CREATOR
com.google.android.gms.internal.firebase-auth-api.zzig
io.flutter.plugin.platform.SingleViewPresentation: io.flutter.plugin.platform.SingleViewPresentation$AccessibilityDelegatingFrameLayout rootView
com.google.firestore.v1.Document: int FIELDS_FIELD_NUMBER
androidx.window.embedding.ExtensionEmbeddingBackend: java.util.concurrent.CopyOnWriteArraySet splitRules
androidx.window.R$styleable: int SplitPairFilter_secondaryActivityName
androidx.window.java.layout.WindowInfoTrackerCallbackAdapter: void removeListener(androidx.core.util.Consumer)
androidx.window.R$styleable: int[] SplitPairFilter
com.google.firestore.v1.TransactionOptions$ReadWrite
kotlin.jvm.internal.FunctionReference: boolean isInfix()
androidx.window.R$styleable: int SplitPlaceholderRule_splitMinSmallestWidth