build/app/outputs/mapping/release/mapping.txt
# compiler: R8
# compiler_version: 2.1.62
# min_api: 20
# pg_map_id: d15535d
# common_typos_disable
...
com.google.android.gms.tasks.zze -> e.b.a.a.i.r:
    com.google.android.gms.tasks.Task zza -> m
    com.google.android.gms.tasks.zzf zzb -> n
com.google.android.gms.tasks.zzf -> e.b.a.a.i.s:
    com.google.android.gms.tasks.zzw zzc -> c
    java.util.concurrent.Executor zza -> a
    com.google.android.gms.tasks.Continuation zzb -> b
    void onCanceled() -> a
    void zzd(com.google.android.gms.tasks.Task) -> b
    void onSuccess(java.lang.Object) -> c
    void onFailure(java.lang.Exception) -> d
    com.google.android.gms.tasks.Continuation zza(com.google.android.gms.tasks.zzf) -> e
    com.google.android.gms.tasks.zzw zzb(com.google.android.gms.tasks.zzf) -> f
com.google.android.gms.tasks.zzg -> e.b.a.a.i.t:
    com.google.android.gms.tasks.zzh zza -> m
com.google.android.gms.tasks.zzh -> e.b.a.a.i.u:
    java.util.concurrent.Executor zza -> a
    java.lang.Object zzb -> b
    com.google.android.gms.tasks.OnCanceledListener zzc -> c
    com.google.android.gms.tasks.OnCanceledListener zza(com.google.android.gms.tasks.zzh) -> a
    void zzd(com.google.android.gms.tasks.Task) -> b
    java.lang.Object zzb(com.google.android.gms.tasks.zzh) -> c
com.google.android.gms.tasks.zzi -> e.b.a.a.i.v:
    com.google.android.gms.tasks.Task zza -> m
    com.google.android.gms.tasks.zzj zzb -> n
com.google.android.gms.tasks.zzj -> e.b.a.a.i.w:
    java.util.concurrent.Executor zza -> a
    java.lang.Object zzb -> b
    com.google.android.gms.tasks.OnCompleteListener zzc -> c
    com.google.android.gms.tasks.OnCompleteListener zza(com.google.android.gms.tasks.zzj) -> a
    void zzd(com.google.android.gms.tasks.Task) -> b
    java.lang.Object zzb(com.google.android.gms.tasks.zzj) -> c
com.google.android.gms.tasks.zzk -> e.b.a.a.i.x:
    com.google.android.gms.tasks.Task zza -> m
    com.google.android.gms.tasks.zzl zzb -> n
com.google.android.gms.tasks.zzl -> e.b.a.a.i.y:
    java.util.concurrent.Executor zza -> a
    com.google.android.gms.tasks.OnFailureListener zzc -> c
    java.lang.Object zzb -> b
    com.google.android.gms.tasks.OnFailureListener zza(com.google.android.gms.tasks.zzl) -> a
    void zzd(com.google.android.gms.tasks.Task) -> b
    java.lang.Object zzb(com.google.android.gms.tasks.zzl) -> c
com.google.android.gms.tasks.zzm -> e.b.a.a.i.z:
    com.google.android.gms.tasks.Task zza -> m
    com.google.android.gms.tasks.zzn zzb -> n
com.google.android.gms.tasks.zzn -> e.b.a.a.i.a0:
    java.util.concurrent.Executor zza -> a
    java.lang.Object zzb -> b
    com.google.android.gms.tasks.OnSuccessListener zzc -> c
    com.google.android.gms.tasks.OnSuccessListener zza(com.google.android.gms.tasks.zzn) -> a
    void zzd(com.google.android.gms.tasks.Task) -> b
    java.lang.Object zzb(com.google.android.gms.tasks.zzn) -> c
com.google.android.gms.tasks.zzq -> e.b.a.a.i.b0:
    void zzd(com.google.android.gms.tasks.Task) -> b
com.google.android.gms.tasks.zzr -> e.b.a.a.i.c0:
    java.util.Queue zzb -> b
    java.lang.Object zza -> a
    boolean zzc -> c
    void zza(com.google.android.gms.tasks.zzq) -> a
    void zzb(com.google.android.gms.tasks.Task) -> b
com.google.android.gms.tasks.zzt -> e.b.a.a.i.d0:
com.google.android.gms.tasks.zzu -> e.b.a.a.i.e0:
    android.os.Handler zza -> m