build/app/outputs/mapping/release/usage.txt
com.google.common.collect.EnumMultiset$2
com.google.common.util.concurrent.ClosingFuture$Combiner5
com.google.common.hash.ChecksumHashFunction
com.google.firebase.auth.internal.zzas
androidx.core.R$id:
    private void <init>()
    public static final int accessibility_action_clickable_span
    public static final int action_container
    public static final int action_divider
    public static final int action_image
    public static final int action_text
    public static final int actions
    public static final int async
    public static final int blocking
    public static final int chronometer
    public static final int dialog_button
    public static final int forever
    public static final int icon
    public static final int icon_group
    public static final int info
    public static final int italic
    public static final int line1
    public static final int line3
    public static final int normal
    public static final int notification_background
    public static final int notification_main_column
    public static final int notification_main_column_container
    public static final int right_icon
    public static final int right_side
    public static final int tag_accessibility_actions
    public static final int tag_accessibility_clickable_spans
    public static final int tag_accessibility_heading
    public static final int tag_screen_reader_focusable
    public static final int text
    public static final int text2
    public static final int time
    public static final int title
com.google.android.gms.internal.auth-api-phone.zzp
com.google.common.collect.ForwardingSortedMap
io.grpc.ForwardingServerCall$SimpleForwardingServerCall
com.google.gson.LongSerializationPolicy$2
com.google.common.collect.LinkedListMultimap$1ValuesImpl
com.google.android.gms.internal.location.zzan
com.google.android.gms.common.internal.zaj
kotlinx.coroutines.channels.ChannelsKt__DeprecatedKt$withIndex$1
com.google.protobuf.MessageLite:
    public abstract void writeDelimitedTo(java.io.OutputStream)
com.google.common.base.CharMatcher$FastMatcher:
    public final com.google.common.base.CharMatcher precomputed()
    public com.google.common.base.CharMatcher negate()
    public synthetic bridge boolean apply(java.lang.Object)
kotlinx.coroutines.Deferred
com.google.common.collect.Cut$BelowAll
com.google.common.collect.TreeMultiset$Aggregate$1
com.google.common.hash.Murmur3_32HashFunction$Murmur3_32Hasher
com.google.common.net.HttpHeaders
com.google.firebase.firestore.local.MemoryLruReferenceDelegate
com.google.protobuf.BooleanArrayList:
    public static com.google.protobuf.BooleanArrayList emptyList()
kotlinx.coroutines.flow.internal.CombineKt$zipImpl$1$1$1
com.google.firebase.Timestamp:
    public java.util.Date toDate()
com.google.protobuf.DescriptorProtos$ServiceOptions
com.google.protobuf.UInt32Value$Builder
com.google.common.reflect.TypeToken$4
kotlin.collections.ArraysKt__ArraysKt:
    public static final java.util.List flatten(java.lang.Object[][])
    public static final kotlin.Pair unzip(kotlin.Pair[])
    private static final boolean isNullOrEmpty(java.lang.Object[])
    private static final java.lang.Object ifEmpty(java.lang.Object[],kotlin.jvm.functions.Function0)
    public static final boolean contentDeepEquals(java.lang.Object[],java.lang.Object[])
    public static final java.lang.String contentDeepToString(java.lang.Object[])
    private static final void contentDeepToStringInternal$ArraysKt__ArraysKt(java.lang.Object[],java.lang.StringBuilder,java.util.List)
    public void <init>()
com.google.gson.ToNumberPolicy$1
com.google.common.io.Files$2
io.grpc.InternalChannelz$ChannelTrace$Event$Builder:
    public io.grpc.InternalChannelz$ChannelTrace$Event$Builder setChannelRef(io.grpc.InternalWithLogId)
com.google.common.collect.StandardTable$ColumnKeyIterator
com.google.api.Distribution$BucketOptions
org.jetbrains.annotations.NonNls
kotlin.text.FlagEnum
com.google.common.primitives.Longs$LongConverter